  main.cpp
main.cpp(44): warning C4244: '引數': 將 'double' 轉換為 'GLint'，由於類型不同，可能導致資料遺失
main.cpp(51): warning C4244: '引數': 將 'float' 轉換為 'GLubyte'，由於類型不同，可能導致資料遺失
main.cpp(52): warning C4244: '引數': 將 'double' 轉換為 'GLint'，由於類型不同，可能導致資料遺失
main.cpp(66): warning C4244: '引數': 將 'double' 轉換為 'GLfloat'，由於類型不同，可能導致資料遺失
main.cpp(67): warning C4244: '引數': 將 'double' 轉換為 'GLfloat'，由於類型不同，可能導致資料遺失
main.cpp(68): warning C4244: '引數': 將 'double' 轉換為 'GLfloat'，由於類型不同，可能導致資料遺失
main.cpp(69): warning C4244: '引數': 將 'double' 轉換為 'GLfloat'，由於類型不同，可能導致資料遺失
main.cpp(73): warning C4244: '引數': 將 'double' 轉換為 'GLfloat'，由於類型不同，可能導致資料遺失
main.cpp(74): warning C4244: '引數': 將 'double' 轉換為 'GLfloat'，由於類型不同，可能導致資料遺失
main.cpp(75): warning C4244: '引數': 將 'double' 轉換為 'GLfloat'，由於類型不同，可能導致資料遺失
main.cpp(76): warning C4244: '引數': 將 'double' 轉換為 'GLfloat'，由於類型不同，可能導致資料遺失
main.cpp(80): warning C4244: '引數': 將 'double' 轉換為 'GLfloat'，由於類型不同，可能導致資料遺失
main.cpp(81): warning C4244: '引數': 將 'double' 轉換為 'GLfloat'，由於類型不同，可能導致資料遺失
main.cpp(82): warning C4244: '引數': 將 'double' 轉換為 'GLfloat'，由於類型不同，可能導致資料遺失
main.cpp(83): warning C4244: '引數': 將 'double' 轉換為 'GLfloat'，由於類型不同，可能導致資料遺失
main.cpp(87): warning C4244: '引數': 將 'double' 轉換為 'GLfloat'，由於類型不同，可能導致資料遺失
main.cpp(88): warning C4244: '引數': 將 'double' 轉換為 'GLfloat'，由於類型不同，可能導致資料遺失
main.cpp(89): warning C4244: '引數': 將 'double' 轉換為 'GLfloat'，由於類型不同，可能導致資料遺失
main.cpp(90): warning C4244: '引數': 將 'double' 轉換為 'GLfloat'，由於類型不同，可能導致資料遺失
main.cpp(99): warning C4244: '引數': 將 'double' 轉換為 'GLfloat'，由於類型不同，可能導致資料遺失
main.cpp(100): warning C4244: '引數': 將 'double' 轉換為 'GLfloat'，由於類型不同，可能導致資料遺失
main.cpp(101): warning C4244: '引數': 將 'double' 轉換為 'GLfloat'，由於類型不同，可能導致資料遺失
main.cpp(102): warning C4244: '引數': 將 'double' 轉換為 'GLfloat'，由於類型不同，可能導致資料遺失
main.cpp(106): warning C4244: '引數': 將 'double' 轉換為 'GLfloat'，由於類型不同，可能導致資料遺失
main.cpp(107): warning C4244: '引數': 將 'double' 轉換為 'GLfloat'，由於類型不同，可能導致資料遺失
main.cpp(108): warning C4244: '引數': 將 'double' 轉換為 'GLfloat'，由於類型不同，可能導致資料遺失
main.cpp(109): warning C4244: '引數': 將 'double' 轉換為 'GLfloat'，由於類型不同，可能導致資料遺失
main.cpp(128): warning C4244: '引數': 將 'double' 轉換為 'GLint'，由於類型不同，可能導致資料遺失
main.cpp(136): warning C4244: '引數': 將 'double' 轉換為 'GLint'，由於類型不同，可能導致資料遺失
main.cpp(149): warning C4244: '引數': 將 'double' 轉換為 'GLint'，由於類型不同，可能導致資料遺失
main.cpp(157): warning C4244: '引數': 將 'double' 轉換為 'GLint'，由於類型不同，可能導致資料遺失
main.cpp(169): warning C4244: '引數': 將 'double' 轉換為 'GLint'，由於類型不同，可能導致資料遺失
main.cpp(176): warning C4244: '引數': 將 'double' 轉換為 'GLint'，由於類型不同，可能導致資料遺失
main.cpp(192): warning C4244: '引數': 將 'double' 轉換為 'GLint'，由於類型不同，可能導致資料遺失
main.cpp(199): warning C4305: '引數': 從 'double' 轉換為 'GLfloat'，是由較大的類型轉換為較小的類型，可能導致資料遺失
main.cpp(201): warning C4244: '引數': 將 'double' 轉換為 'GLint'，由於類型不同，可能導致資料遺失
main.cpp(210): warning C4244: '引數': 將 'double' 轉換為 'GLint'，由於類型不同，可能導致資料遺失
main.cpp(217): warning C4305: '引數': 從 'double' 轉換為 'GLfloat'，是由較大的類型轉換為較小的類型，可能導致資料遺失
main.cpp(219): warning C4244: '引數': 將 'double' 轉換為 'GLint'，由於類型不同，可能導致資料遺失
main.cpp(231): warning C4244: '引數': 將 'double' 轉換為 'GLint'，由於類型不同，可能導致資料遺失
main.cpp(238): warning C4305: '引數': 從 'double' 轉換為 'GLfloat'，是由較大的類型轉換為較小的類型，可能導致資料遺失
main.cpp(240): warning C4244: '引數': 將 'double' 轉換為 'GLint'，由於類型不同，可能導致資料遺失
main.cpp(249): warning C4244: '引數': 將 'double' 轉換為 'GLint'，由於類型不同，可能導致資料遺失
main.cpp(256): warning C4305: '引數': 從 'double' 轉換為 'GLfloat'，是由較大的類型轉換為較小的類型，可能導致資料遺失
main.cpp(258): warning C4244: '引數': 將 'double' 轉換為 'GLint'，由於類型不同，可能導致資料遺失
main.cpp(267): warning C4244: '引數': 將 'double' 轉換為 'GLint'，由於類型不同，可能導致資料遺失
main.cpp(274): warning C4305: '引數': 從 'double' 轉換為 'GLfloat'，是由較大的類型轉換為較小的類型，可能導致資料遺失
main.cpp(276): warning C4244: '引數': 將 'double' 轉換為 'GLint'，由於類型不同，可能導致資料遺失
main.cpp(288): warning C4244: '引數': 將 'double' 轉換為 'GLint'，由於類型不同，可能導致資料遺失
main.cpp(295): warning C4305: '引數': 從 'double' 轉換為 'GLfloat'，是由較大的類型轉換為較小的類型，可能導致資料遺失
main.cpp(297): warning C4244: '引數': 將 'double' 轉換為 'GLint'，由於類型不同，可能導致資料遺失
main.cpp(306): warning C4244: '引數': 將 'double' 轉換為 'GLint'，由於類型不同，可能導致資料遺失
main.cpp(313): warning C4305: '引數': 從 'double' 轉換為 'GLfloat'，是由較大的類型轉換為較小的類型，可能導致資料遺失
main.cpp(315): warning C4244: '引數': 將 'double' 轉換為 'GLint'，由於類型不同，可能導致資料遺失
main.cpp(324): warning C4244: '引數': 將 'double' 轉換為 'GLint'，由於類型不同，可能導致資料遺失
main.cpp(331): warning C4305: '引數': 從 'double' 轉換為 'GLfloat'，是由較大的類型轉換為較小的類型，可能導致資料遺失
main.cpp(333): warning C4244: '引數': 將 'double' 轉換為 'GLint'，由於類型不同，可能導致資料遺失
main.cpp(345): warning C4244: '引數': 將 'double' 轉換為 'GLint'，由於類型不同，可能導致資料遺失
main.cpp(352): warning C4305: '引數': 從 'double' 轉換為 'GLfloat'，是由較大的類型轉換為較小的類型，可能導致資料遺失
main.cpp(354): warning C4244: '引數': 將 'double' 轉換為 'GLint'，由於類型不同，可能導致資料遺失
main.cpp(363): warning C4244: '引數': 將 'double' 轉換為 'GLint'，由於類型不同，可能導致資料遺失
main.cpp(370): warning C4305: '引數': 從 'double' 轉換為 'GLfloat'，是由較大的類型轉換為較小的類型，可能導致資料遺失
main.cpp(372): warning C4244: '引數': 將 'double' 轉換為 'GLint'，由於類型不同，可能導致資料遺失
main.cpp(381): warning C4244: '引數': 將 'double' 轉換為 'GLint'，由於類型不同，可能導致資料遺失
main.cpp(388): warning C4305: '引數': 從 'double' 轉換為 'GLfloat'，是由較大的類型轉換為較小的類型，可能導致資料遺失
main.cpp(390): warning C4244: '引數': 將 'double' 轉換為 'GLint'，由於類型不同，可能導致資料遺失
main.cpp(402): warning C4244: '引數': 將 'double' 轉換為 'GLint'，由於類型不同，可能導致資料遺失
main.cpp(409): warning C4305: '引數': 從 'double' 轉換為 'GLfloat'，是由較大的類型轉換為較小的類型，可能導致資料遺失
main.cpp(411): warning C4244: '引數': 將 'double' 轉換為 'GLint'，由於類型不同，可能導致資料遺失
main.cpp(420): warning C4244: '引數': 將 'double' 轉換為 'GLint'，由於類型不同，可能導致資料遺失
main.cpp(427): warning C4305: '引數': 從 'double' 轉換為 'GLfloat'，是由較大的類型轉換為較小的類型，可能導致資料遺失
main.cpp(429): warning C4244: '引數': 將 'double' 轉換為 'GLint'，由於類型不同，可能導致資料遺失
main.cpp(438): warning C4244: '引數': 將 'double' 轉換為 'GLint'，由於類型不同，可能導致資料遺失
main.cpp(445): warning C4305: '引數': 從 'double' 轉換為 'GLfloat'，是由較大的類型轉換為較小的類型，可能導致資料遺失
main.cpp(447): warning C4244: '引數': 將 'double' 轉換為 'GLint'，由於類型不同，可能導致資料遺失
main.cpp(470): warning C4244: '引數': 將 'double' 轉換為 'GLint'，由於類型不同，可能導致資料遺失
main.cpp(478): warning C4244: '引數': 將 'double' 轉換為 'GLint'，由於類型不同，可能導致資料遺失
main.cpp(490): warning C4244: '引數': 將 'double' 轉換為 'GLint'，由於類型不同，可能導致資料遺失
main.cpp(498): warning C4244: '引數': 將 'double' 轉換為 'GLint'，由於類型不同，可能導致資料遺失
main.cpp(510): warning C4244: '引數': 將 'double' 轉換為 'GLint'，由於類型不同，可能導致資料遺失
main.cpp(517): warning C4244: '引數': 將 'double' 轉換為 'GLint'，由於類型不同，可能導致資料遺失
main.cpp(533): warning C4244: '引數': 將 'double' 轉換為 'GLint'，由於類型不同，可能導致資料遺失
main.cpp(540): warning C4305: '引數': 從 'double' 轉換為 'GLfloat'，是由較大的類型轉換為較小的類型，可能導致資料遺失
main.cpp(542): warning C4244: '引數': 將 'double' 轉換為 'GLint'，由於類型不同，可能導致資料遺失
main.cpp(551): warning C4244: '引數': 將 'double' 轉換為 'GLint'，由於類型不同，可能導致資料遺失
main.cpp(558): warning C4305: '引數': 從 'double' 轉換為 'GLfloat'，是由較大的類型轉換為較小的類型，可能導致資料遺失
main.cpp(560): warning C4244: '引數': 將 'double' 轉換為 'GLint'，由於類型不同，可能導致資料遺失
main.cpp(572): warning C4244: '引數': 將 'double' 轉換為 'GLint'，由於類型不同，可能導致資料遺失
main.cpp(579): warning C4305: '引數': 從 'double' 轉換為 'GLfloat'，是由較大的類型轉換為較小的類型，可能導致資料遺失
main.cpp(581): warning C4244: '引數': 將 'double' 轉換為 'GLint'，由於類型不同，可能導致資料遺失
main.cpp(590): warning C4244: '引數': 將 'double' 轉換為 'GLint'，由於類型不同，可能導致資料遺失
main.cpp(597): warning C4305: '引數': 從 'double' 轉換為 'GLfloat'，是由較大的類型轉換為較小的類型，可能導致資料遺失
main.cpp(599): warning C4244: '引數': 將 'double' 轉換為 'GLint'，由於類型不同，可能導致資料遺失
main.cpp(608): warning C4244: '引數': 將 'double' 轉換為 'GLint'，由於類型不同，可能導致資料遺失
main.cpp(615): warning C4305: '引數': 從 'double' 轉換為 'GLfloat'，是由較大的類型轉換為較小的類型，可能導致資料遺失
main.cpp(617): warning C4244: '引數': 將 'double' 轉換為 'GLint'，由於類型不同，可能導致資料遺失
main.cpp(629): warning C4244: '引數': 將 'double' 轉換為 'GLint'，由於類型不同，可能導致資料遺失
main.cpp(636): warning C4305: '引數': 從 'double' 轉換為 'GLfloat'，是由較大的類型轉換為較小的類型，可能導致資料遺失
main.cpp(638): warning C4244: '引數': 將 'double' 轉換為 'GLint'，由於類型不同，可能導致資料遺失
main.cpp(647): warning C4244: '引數': 將 'double' 轉換為 'GLint'，由於類型不同，可能導致資料遺失
main.cpp(654): warning C4305: '引數': 從 'double' 轉換為 'GLfloat'，是由較大的類型轉換為較小的類型，可能導致資料遺失
main.cpp(656): warning C4244: '引數': 將 'double' 轉換為 'GLint'，由於類型不同，可能導致資料遺失
main.cpp(665): warning C4244: '引數': 將 'double' 轉換為 'GLint'，由於類型不同，可能導致資料遺失
main.cpp(672): warning C4305: '引數': 從 'double' 轉換為 'GLfloat'，是由較大的類型轉換為較小的類型，可能導致資料遺失
main.cpp(674): warning C4244: '引數': 將 'double' 轉換為 'GLint'，由於類型不同，可能導致資料遺失
main.cpp(686): warning C4244: '引數': 將 'double' 轉換為 'GLint'，由於類型不同，可能導致資料遺失
main.cpp(693): warning C4305: '引數': 從 'double' 轉換為 'GLfloat'，是由較大的類型轉換為較小的類型，可能導致資料遺失
main.cpp(695): warning C4244: '引數': 將 'double' 轉換為 'GLint'，由於類型不同，可能導致資料遺失
main.cpp(704): warning C4244: '引數': 將 'double' 轉換為 'GLint'，由於類型不同，可能導致資料遺失
main.cpp(711): warning C4305: '引數': 從 'double' 轉換為 'GLfloat'，是由較大的類型轉換為較小的類型，可能導致資料遺失
main.cpp(713): warning C4244: '引數': 將 'double' 轉換為 'GLint'，由於類型不同，可能導致資料遺失
main.cpp(722): warning C4244: '引數': 將 'double' 轉換為 'GLint'，由於類型不同，可能導致資料遺失
main.cpp(729): warning C4305: '引數': 從 'double' 轉換為 'GLfloat'，是由較大的類型轉換為較小的類型，可能導致資料遺失
main.cpp(731): warning C4244: '引數': 將 'double' 轉換為 'GLint'，由於類型不同，可能導致資料遺失
main.cpp(743): warning C4244: '引數': 將 'double' 轉換為 'GLint'，由於類型不同，可能導致資料遺失
main.cpp(750): warning C4305: '引數': 從 'double' 轉換為 'GLfloat'，是由較大的類型轉換為較小的類型，可能導致資料遺失
main.cpp(752): warning C4244: '引數': 將 'double' 轉換為 'GLint'，由於類型不同，可能導致資料遺失
main.cpp(761): warning C4244: '引數': 將 'double' 轉換為 'GLint'，由於類型不同，可能導致資料遺失
main.cpp(768): warning C4305: '引數': 從 'double' 轉換為 'GLfloat'，是由較大的類型轉換為較小的類型，可能導致資料遺失
main.cpp(770): warning C4244: '引數': 將 'double' 轉換為 'GLint'，由於類型不同，可能導致資料遺失
main.cpp(779): warning C4244: '引數': 將 'double' 轉換為 'GLint'，由於類型不同，可能導致資料遺失
main.cpp(786): warning C4305: '引數': 從 'double' 轉換為 'GLfloat'，是由較大的類型轉換為較小的類型，可能導致資料遺失
main.cpp(788): warning C4244: '引數': 將 'double' 轉換為 'GLint'，由於類型不同，可能導致資料遺失
main.cpp(808): warning C4244: '引數': 將 'double' 轉換為 'GLint'，由於類型不同，可能導致資料遺失
main.cpp(816): warning C4244: '引數': 將 'double' 轉換為 'GLint'，由於類型不同，可能導致資料遺失
main.cpp(824): warning C4244: '引數': 將 'double' 轉換為 'GLint'，由於類型不同，可能導致資料遺失
main.cpp(832): warning C4244: '引數': 將 'double' 轉換為 'GLint'，由於類型不同，可能導致資料遺失
main.cpp(840): warning C4244: '引數': 將 'double' 轉換為 'GLint'，由於類型不同，可能導致資料遺失
main.cpp(863): warning C4244: '引數': 將 'double' 轉換為 'GLint'，由於類型不同，可能導致資料遺失
main.cpp(871): warning C4244: '引數': 將 'double' 轉換為 'GLint'，由於類型不同，可能導致資料遺失
main.cpp(879): warning C4244: '引數': 將 'double' 轉換為 'GLint'，由於類型不同，可能導致資料遺失
main.cpp(887): warning C4244: '引數': 將 'double' 轉換為 'GLint'，由於類型不同，可能導致資料遺失
main.cpp(895): warning C4244: '引數': 將 'double' 轉換為 'GLint'，由於類型不同，可能導致資料遺失
main.cpp(929): warning C4244: '引數': 將 'int' 轉換為 'GLfloat'，由於類型不同，可能導致資料遺失
main.cpp(930): warning C4244: '引數': 將 'int' 轉換為 'GLfloat'，由於類型不同，可能導致資料遺失
main.cpp(939): warning C4244: '引數': 將 'int' 轉換為 'GLfloat'，由於類型不同，可能導致資料遺失
main.cpp(941): warning C4244: '引數': 將 'double' 轉換為 'GLint'，由於類型不同，可能導致資料遺失
main.cpp(1065): warning C4244: '引數': 將 'float' 轉換為 'GLint'，由於類型不同，可能導致資料遺失
main.cpp(1067): warning C4244: '引數': 將 'float' 轉換為 'GLint'，由於類型不同，可能導致資料遺失
main.cpp(1256): warning C4305: '+=': 從 'double' 轉換為 'float'，是由較大的類型轉換為較小的類型，可能導致資料遺失
main.cpp(1264): warning C4305: '-=': 從 'double' 轉換為 'float'，是由較大的類型轉換為較小的類型，可能導致資料遺失
main.cpp(1373): warning C4305: '+=': 從 'double' 轉換為 'float'，是由較大的類型轉換為較小的類型，可能導致資料遺失
main.cpp(1376): warning C4305: '-=': 從 'double' 轉換為 'float'，是由較大的類型轉換為較小的類型，可能導致資料遺失
main.cpp(1669): warning C4305: '+=': 從 'double' 轉換為 'float'，是由較大的類型轉換為較小的類型，可能導致資料遺失
main.cpp(1678): warning C4305: '+=': 從 'double' 轉換為 'float'，是由較大的類型轉換為較小的類型，可能導致資料遺失
main.cpp(1699): warning C4305: '+=': 從 'double' 轉換為 'float'，是由較大的類型轉換為較小的類型，可能導致資料遺失
main.cpp(1705): warning C4305: '-=': 從 'double' 轉換為 'float'，是由較大的類型轉換為較小的類型，可能導致資料遺失
main.cpp(1896): warning C4305: '-=': 從 'double' 轉換為 'float'，是由較大的類型轉換為較小的類型，可能導致資料遺失
main.cpp(1904): warning C4305: '-=': 從 'double' 轉換為 'float'，是由較大的類型轉換為較小的類型，可能導致資料遺失
main.cpp(1912): warning C4305: '+=': 從 'double' 轉換為 'float'，是由較大的類型轉換為較小的類型，可能導致資料遺失
main.cpp(1914): warning C4305: '+=': 從 'double' 轉換為 'float'，是由較大的類型轉換為較小的類型，可能導致資料遺失
main.cpp(2132): warning C4305: '+=': 從 'double' 轉換為 'float'，是由較大的類型轉換為較小的類型，可能導致資料遺失
main.cpp(2138): warning C4305: '+=': 從 'double' 轉換為 'float'，是由較大的類型轉換為較小的類型，可能導致資料遺失
main.cpp(2737): warning C4305: '-=': 從 'double' 轉換為 'float'，是由較大的類型轉換為較小的類型，可能導致資料遺失
main.cpp(2743): warning C4305: '-=': 從 'double' 轉換為 'float'，是由較大的類型轉換為較小的類型，可能導致資料遺失
main.cpp(2750): warning C4305: '+=': 從 'double' 轉換為 'float'，是由較大的類型轉換為較小的類型，可能導致資料遺失
main.cpp(2756): warning C4305: '+=': 從 'double' 轉換為 'float'，是由較大的類型轉換為較小的類型，可能導致資料遺失
main.cpp(2763): warning C4305: '+=': 從 'double' 轉換為 'float'，是由較大的類型轉換為較小的類型，可能導致資料遺失
main.cpp(2765): warning C4305: '-=': 從 'double' 轉換為 'float'，是由較大的類型轉換為較小的類型，可能導致資料遺失
main.cpp(2782): warning C4305: '+=': 從 'double' 轉換為 'float'，是由較大的類型轉換為較小的類型，可能導致資料遺失
main.cpp(2787): warning C4305: '+=': 從 'double' 轉換為 'float'，是由較大的類型轉換為較小的類型，可能導致資料遺失
main.cpp(2794): warning C4305: '-=': 從 'double' 轉換為 'float'，是由較大的類型轉換為較小的類型，可能導致資料遺失
main.cpp(2800): warning C4305: '-=': 從 'double' 轉換為 'float'，是由較大的類型轉換為較小的類型，可能導致資料遺失
main.cpp(2807): warning C4305: '+=': 從 'double' 轉換為 'float'，是由較大的類型轉換為較小的類型，可能導致資料遺失
main.cpp(2809): warning C4305: '-=': 從 'double' 轉換為 'float'，是由較大的類型轉換為較小的類型，可能導致資料遺失
main.cpp(3055): warning C4101: 'count_menu': 未參考的區域變數
main.cpp(3055): warning C4101: 'main_menu': 未參考的區域變數
main.cpp(3055): warning C4101: 'action_menu': 未參考的區域變數
  正在產生程式碼
  30 of 30 functions (100.0%) were compiled, the rest were copied from previous compilation.
    0 functions were new in current compilation
    0 functions had inline decision re-evaluated but remain unchanged
  已完成程式碼產生
  GLUT.vcxproj -> C:\Users\user\Desktop\圖學\project1\Project1_G5\GLUT\Release\GLUT.exe
  GLUT.vcxproj -> C:\Users\user\Desktop\圖學\project1\Project1_G5\GLUT\Release\GLUT.pdb (Full PDB)
